<?xml version="1.0" encoding="UTF-8"?>
<testng-results ignored="0" total="1" passed="1" failed="0" skipped="0">
  <reporter-output>
  </reporter-output>
  <suite started-at="2023-05-26T16:54:22 IST" name="Suite" finished-at="2023-05-26T16:55:01 IST" duration-ms="39220">
    <groups>
    </groups>
    <test started-at="2023-05-26T16:54:22 IST" name="Test" finished-at="2023-05-26T16:55:01 IST" duration-ms="39220">
      <class name="MyntraTC.VerifyMenBtn">
        <test-method is-config="true" signature="startPage()[pri:0, instance:MyntraTC.VerifyMenBtn@24bdb479]" started-at="2023-05-26T16:54:22 IST" name="startPage" finished-at="2023-05-26T16:54:49 IST" duration-ms="26991" status="PASS">
          <reporter-output>
          </reporter-output>
        </test-method> <!-- startPage -->
        <test-method signature="verifyMenBtnFun()[pri:0, instance:MyntraTC.VerifyMenBtn@24bdb479]" started-at="2023-05-26T16:54:49 IST" name="verifyMenBtnFun" finished-at="2023-05-26T16:55:00 IST" duration-ms="10843" status="PASS">
          <reporter-output>
          </reporter-output>
        </test-method> <!-- verifyMenBtnFun -->
        <test-method is-config="true" signature="endPage()[pri:0, instance:MyntraTC.VerifyMenBtn@24bdb479]" started-at="2023-05-26T16:55:00 IST" name="endPage" finished-at="2023-05-26T16:55:01 IST" duration-ms="1281" status="PASS">
          <reporter-output>
          </reporter-output>
        </test-method> <!-- endPage -->
      </class> <!-- MyntraTC.VerifyMenBtn -->
    </test> <!-- Test -->
  </suite> <!-- Suite -->
</testng-results>
